[2018-09-28 15:20:00,864] multiqc                                            [DEBUG  ]  No MultiQC config found: /home/severin/.local/lib/python3.6/site-packages/multiqc_config.yaml
[2018-09-28 15:20:00,865] multiqc                                            [DEBUG  ]  No MultiQC config found: /home/severin/.multiqc_config.yaml
[2018-09-28 15:20:00,865] multiqc                                            [DEBUG  ]  No MultiQC config found: multiqc_config.yaml
[2018-09-28 15:20:00,865] multiqc                                            [DEBUG  ]  Command used: /home/severin/.local/bin/multiqc /work/GIF/remkv6/Purcell/Abalone/32_GATKAllSpecies/Raw/Black-Ab-F_S21_L005_R1_001_fastqc.html /work/GIF/remkv6/Purcell/Abalone/32_GATKAllSpecies/Raw/Black-Ab-F_S21_L005_R1_001_fastqc.zip /work/GIF/remkv6/Purcell/Abalone/32_GATKAllSpecies/Raw/Black-Ab-F_S21_L005_R2_001_fastqc.html /work/GIF/remkv6/Purcell/Abalone/32_GATKAllSpecies/Raw/Black-Ab-F_S21_L005_R2_001_fastqc.zip /work/GIF/remkv6/Purcell/Abalone/32_GATKAllSpecies/Raw/Black-Ab-M_S22_L005_R1_001_fastqc.html /work/GIF/remkv6/Purcell/Abalone/32_GATKAllSpecies/Raw/Black-Ab-M_S22_L005_R1_001_fastqc.zip /work/GIF/remkv6/Purcell/Abalone/32_GATKAllSpecies/Raw/Black-Ab-M_S22_L005_R2_001_fastqc.html /work/GIF/remkv6/Purcell/Abalone/32_GATKAllSpecies/Raw/Black-Ab-M_S22_L005_R2_001_fastqc.zip /work/GIF/remkv6/Purcell/Abalone/32_GATKAllSpecies/Raw/Green-Ab-F_S24_L006_R1_001_fastqc.html /work/GIF/remkv6/Purcell/Abalone/32_GATKAllSpecies/Raw/Green-Ab-F_S24_L006_R1_001_fastqc.zip /work/GIF/remkv6/Purcell/Abalone/32_GATKAllSpecies/Raw/Green-Ab-F_S24_L006_R2_001_fastqc.html /work/GIF/remkv6/Purcell/Abalone/32_GATKAllSpecies/Raw/Green-Ab-F_S24_L006_R2_001_fastqc.zip /work/GIF/remkv6/Purcell/Abalone/32_GATKAllSpecies/Raw/Green-Ab-M_S23_L006_R1_001_fastqc.html /work/GIF/remkv6/Purcell/Abalone/32_GATKAllSpecies/Raw/Green-Ab-M_S23_L006_R1_001_fastqc.zip /work/GIF/remkv6/Purcell/Abalone/32_GATKAllSpecies/Raw/Green-Ab-M_S23_L006_R2_001_fastqc.html /work/GIF/remkv6/Purcell/Abalone/32_GATKAllSpecies/Raw/Green-Ab-M_S23_L006_R2_001_fastqc.zip /work/GIF/remkv6/Purcell/Abalone/32_GATKAllSpecies/Raw/PinAb-32_S6_L005_R1_001_fastqc.html /work/GIF/remkv6/Purcell/Abalone/32_GATKAllSpecies/Raw/PinAb-32_S6_L005_R1_001_fastqc.zip /work/GIF/remkv6/Purcell/Abalone/32_GATKAllSpecies/Raw/PinAb-32_S6_L005_R2_001_fastqc.html /work/GIF/remkv6/Purcell/Abalone/32_GATKAllSpecies/Raw/PinAb-32_S6_L005_R2_001_fastqc.zip /work/GIF/remkv6/Purcell/Abalone/32_GATKAllSpecies/Raw/PinAb-55_S7_L005_R1_001_fastqc.html /work/GIF/remkv6/Purcell/Abalone/32_GATKAllSpecies/Raw/PinAb-55_S7_L005_R1_001_fastqc.zip /work/GIF/remkv6/Purcell/Abalone/32_GATKAllSpecies/Raw/PinAb-55_S7_L005_R2_001_fastqc.html /work/GIF/remkv6/Purcell/Abalone/32_GATKAllSpecies/Raw/PinAb-55_S7_L005_R2_001_fastqc.zip /work/GIF/remkv6/Purcell/Abalone/32_GATKAllSpecies/Raw/Pink-Ab-F_S25_L007_R1_001_fastqc.html /work/GIF/remkv6/Purcell/Abalone/32_GATKAllSpecies/Raw/Pink-Ab-F_S25_L007_R1_001_fastqc.zip /work/GIF/remkv6/Purcell/Abalone/32_GATKAllSpecies/Raw/Pink-Ab-F_S25_L007_R2_001_fastqc.html /work/GIF/remkv6/Purcell/Abalone/32_GATKAllSpecies/Raw/Pink-Ab-F_S25_L007_R2_001_fastqc.zip /work/GIF/remkv6/Purcell/Abalone/32_GATKAllSpecies/Raw/Pink-Ab-M_S26_L007_R1_001_fastqc.html /work/GIF/remkv6/Purcell/Abalone/32_GATKAllSpecies/Raw/Pink-Ab-M_S26_L007_R1_001_fastqc.zip /work/GIF/remkv6/Purcell/Abalone/32_GATKAllSpecies/Raw/Pink-Ab-M_S26_L007_R2_001_fastqc.html /work/GIF/remkv6/Purcell/Abalone/32_GATKAllSpecies/Raw/Pink-Ab-M_S26_L007_R2_001_fastqc.zip /work/GIF/remkv6/Purcell/Abalone/32_GATKAllSpecies/Raw/RedAb-103F_S27_L008_R1_001_fastqc.html /work/GIF/remkv6/Purcell/Abalone/32_GATKAllSpecies/Raw/RedAb-103F_S27_L008_R1_001_fastqc.zip /work/GIF/remkv6/Purcell/Abalone/32_GATKAllSpecies/Raw/RedAb-103F_S27_L008_R2_001_fastqc.html /work/GIF/remkv6/Purcell/Abalone/32_GATKAllSpecies/Raw/RedAb-103F_S27_L008_R2_001_fastqc.zip /work/GIF/remkv6/Purcell/Abalone/32_GATKAllSpecies/Raw/RedAb-105M_S28_L008_R1_001_fastqc.html /work/GIF/remkv6/Purcell/Abalone/32_GATKAllSpecies/Raw/RedAb-105M_S28_L008_R1_001_fastqc.zip /work/GIF/remkv6/Purcell/Abalone/32_GATKAllSpecies/Raw/RedAb-105M_S28_L008_R2_001_fastqc.html /work/GIF/remkv6/Purcell/Abalone/32_GATKAllSpecies/Raw/RedAb-105M_S28_L008_R2_001_fastqc.zip /work/GIF/remkv6/Purcell/Abalone/32_GATKAllSpecies/Raw/White-Ab-F_S3_L003_R1_001_fastqc.html /work/GIF/remkv6/Purcell/Abalone/32_GATKAllSpecies/Raw/White-Ab-F_S3_L003_R1_001_fastqc.zip /work/GIF/remkv6/Purcell/Abalone/32_GATKAllSpecies/Raw/White-Ab-F_S3_L003_R2_001_fastqc.html /work/GIF/remkv6/Purcell/Abalone/32_GATKAllSpecies/Raw/White-Ab-F_S3_L003_R2_001_fastqc.zip /work/GIF/remkv6/Purcell/Abalone/32_GATKAllSpecies/Raw/White-Ab-M_S2_L003_R1_001_fastqc.html /work/GIF/remkv6/Purcell/Abalone/32_GATKAllSpecies/Raw/White-Ab-M_S2_L003_R1_001_fastqc.zip /work/GIF/remkv6/Purcell/Abalone/32_GATKAllSpecies/Raw/White-Ab-M_S2_L003_R2_001_fastqc.html /work/GIF/remkv6/Purcell/Abalone/32_GATKAllSpecies/Raw/White-Ab-M_S2_L003_R2_001_fastqc.zip ./
[2018-09-28 15:20:01,433] multiqc                                            [DEBUG  ]  Latest MultiQC version is v1.6
[2018-09-28 15:20:01,433] multiqc                                            [INFO   ]  This is MultiQC v1.6
[2018-09-28 15:20:01,433] multiqc                                            [DEBUG  ]  Command     : /home/severin/.local/bin/multiqc /work/GIF/remkv6/Purcell/Abalone/32_GATKAllSpecies/Raw/Black-Ab-F_S21_L005_R1_001_fastqc.html /work/GIF/remkv6/Purcell/Abalone/32_GATKAllSpecies/Raw/Black-Ab-F_S21_L005_R1_001_fastqc.zip /work/GIF/remkv6/Purcell/Abalone/32_GATKAllSpecies/Raw/Black-Ab-F_S21_L005_R2_001_fastqc.html /work/GIF/remkv6/Purcell/Abalone/32_GATKAllSpecies/Raw/Black-Ab-F_S21_L005_R2_001_fastqc.zip /work/GIF/remkv6/Purcell/Abalone/32_GATKAllSpecies/Raw/Black-Ab-M_S22_L005_R1_001_fastqc.html /work/GIF/remkv6/Purcell/Abalone/32_GATKAllSpecies/Raw/Black-Ab-M_S22_L005_R1_001_fastqc.zip /work/GIF/remkv6/Purcell/Abalone/32_GATKAllSpecies/Raw/Black-Ab-M_S22_L005_R2_001_fastqc.html /work/GIF/remkv6/Purcell/Abalone/32_GATKAllSpecies/Raw/Black-Ab-M_S22_L005_R2_001_fastqc.zip /work/GIF/remkv6/Purcell/Abalone/32_GATKAllSpecies/Raw/Green-Ab-F_S24_L006_R1_001_fastqc.html /work/GIF/remkv6/Purcell/Abalone/32_GATKAllSpecies/Raw/Green-Ab-F_S24_L006_R1_001_fastqc.zip /work/GIF/remkv6/Purcell/Abalone/32_GATKAllSpecies/Raw/Green-Ab-F_S24_L006_R2_001_fastqc.html /work/GIF/remkv6/Purcell/Abalone/32_GATKAllSpecies/Raw/Green-Ab-F_S24_L006_R2_001_fastqc.zip /work/GIF/remkv6/Purcell/Abalone/32_GATKAllSpecies/Raw/Green-Ab-M_S23_L006_R1_001_fastqc.html /work/GIF/remkv6/Purcell/Abalone/32_GATKAllSpecies/Raw/Green-Ab-M_S23_L006_R1_001_fastqc.zip /work/GIF/remkv6/Purcell/Abalone/32_GATKAllSpecies/Raw/Green-Ab-M_S23_L006_R2_001_fastqc.html /work/GIF/remkv6/Purcell/Abalone/32_GATKAllSpecies/Raw/Green-Ab-M_S23_L006_R2_001_fastqc.zip /work/GIF/remkv6/Purcell/Abalone/32_GATKAllSpecies/Raw/PinAb-32_S6_L005_R1_001_fastqc.html /work/GIF/remkv6/Purcell/Abalone/32_GATKAllSpecies/Raw/PinAb-32_S6_L005_R1_001_fastqc.zip /work/GIF/remkv6/Purcell/Abalone/32_GATKAllSpecies/Raw/PinAb-32_S6_L005_R2_001_fastqc.html /work/GIF/remkv6/Purcell/Abalone/32_GATKAllSpecies/Raw/PinAb-32_S6_L005_R2_001_fastqc.zip /work/GIF/remkv6/Purcell/Abalone/32_GATKAllSpecies/Raw/PinAb-55_S7_L005_R1_001_fastqc.html /work/GIF/remkv6/Purcell/Abalone/32_GATKAllSpecies/Raw/PinAb-55_S7_L005_R1_001_fastqc.zip /work/GIF/remkv6/Purcell/Abalone/32_GATKAllSpecies/Raw/PinAb-55_S7_L005_R2_001_fastqc.html /work/GIF/remkv6/Purcell/Abalone/32_GATKAllSpecies/Raw/PinAb-55_S7_L005_R2_001_fastqc.zip /work/GIF/remkv6/Purcell/Abalone/32_GATKAllSpecies/Raw/Pink-Ab-F_S25_L007_R1_001_fastqc.html /work/GIF/remkv6/Purcell/Abalone/32_GATKAllSpecies/Raw/Pink-Ab-F_S25_L007_R1_001_fastqc.zip /work/GIF/remkv6/Purcell/Abalone/32_GATKAllSpecies/Raw/Pink-Ab-F_S25_L007_R2_001_fastqc.html /work/GIF/remkv6/Purcell/Abalone/32_GATKAllSpecies/Raw/Pink-Ab-F_S25_L007_R2_001_fastqc.zip /work/GIF/remkv6/Purcell/Abalone/32_GATKAllSpecies/Raw/Pink-Ab-M_S26_L007_R1_001_fastqc.html /work/GIF/remkv6/Purcell/Abalone/32_GATKAllSpecies/Raw/Pink-Ab-M_S26_L007_R1_001_fastqc.zip /work/GIF/remkv6/Purcell/Abalone/32_GATKAllSpecies/Raw/Pink-Ab-M_S26_L007_R2_001_fastqc.html /work/GIF/remkv6/Purcell/Abalone/32_GATKAllSpecies/Raw/Pink-Ab-M_S26_L007_R2_001_fastqc.zip /work/GIF/remkv6/Purcell/Abalone/32_GATKAllSpecies/Raw/RedAb-103F_S27_L008_R1_001_fastqc.html /work/GIF/remkv6/Purcell/Abalone/32_GATKAllSpecies/Raw/RedAb-103F_S27_L008_R1_001_fastqc.zip /work/GIF/remkv6/Purcell/Abalone/32_GATKAllSpecies/Raw/RedAb-103F_S27_L008_R2_001_fastqc.html /work/GIF/remkv6/Purcell/Abalone/32_GATKAllSpecies/Raw/RedAb-103F_S27_L008_R2_001_fastqc.zip /work/GIF/remkv6/Purcell/Abalone/32_GATKAllSpecies/Raw/RedAb-105M_S28_L008_R1_001_fastqc.html /work/GIF/remkv6/Purcell/Abalone/32_GATKAllSpecies/Raw/RedAb-105M_S28_L008_R1_001_fastqc.zip /work/GIF/remkv6/Purcell/Abalone/32_GATKAllSpecies/Raw/RedAb-105M_S28_L008_R2_001_fastqc.html /work/GIF/remkv6/Purcell/Abalone/32_GATKAllSpecies/Raw/RedAb-105M_S28_L008_R2_001_fastqc.zip /work/GIF/remkv6/Purcell/Abalone/32_GATKAllSpecies/Raw/White-Ab-F_S3_L003_R1_001_fastqc.html /work/GIF/remkv6/Purcell/Abalone/32_GATKAllSpecies/Raw/White-Ab-F_S3_L003_R1_001_fastqc.zip /work/GIF/remkv6/Purcell/Abalone/32_GATKAllSpecies/Raw/White-Ab-F_S3_L003_R2_001_fastqc.html /work/GIF/remkv6/Purcell/Abalone/32_GATKAllSpecies/Raw/White-Ab-F_S3_L003_R2_001_fastqc.zip /work/GIF/remkv6/Purcell/Abalone/32_GATKAllSpecies/Raw/White-Ab-M_S2_L003_R1_001_fastqc.html /work/GIF/remkv6/Purcell/Abalone/32_GATKAllSpecies/Raw/White-Ab-M_S2_L003_R1_001_fastqc.zip /work/GIF/remkv6/Purcell/Abalone/32_GATKAllSpecies/Raw/White-Ab-M_S2_L003_R2_001_fastqc.html /work/GIF/remkv6/Purcell/Abalone/32_GATKAllSpecies/Raw/White-Ab-M_S2_L003_R2_001_fastqc.zip ./
[2018-09-28 15:20:01,433] multiqc                                            [DEBUG  ]  Working dir : /work/GIF/severin/Purcell/Abalone/GenomePaper/reviewerCommentAnalyses
[2018-09-28 15:20:01,433] multiqc                                            [INFO   ]  Template    : default
[2018-09-28 15:20:01,434] multiqc                                            [INFO   ]  Searching '/work/GIF/remkv6/Purcell/Abalone/32_GATKAllSpecies/Raw/Black-Ab-F_S21_L005_R1_001_fastqc.html'
[2018-09-28 15:20:01,434] multiqc                                            [INFO   ]  Searching '/work/GIF/remkv6/Purcell/Abalone/32_GATKAllSpecies/Raw/Black-Ab-F_S21_L005_R1_001_fastqc.zip'
[2018-09-28 15:20:01,434] multiqc                                            [INFO   ]  Searching '/work/GIF/remkv6/Purcell/Abalone/32_GATKAllSpecies/Raw/Black-Ab-F_S21_L005_R2_001_fastqc.html'
[2018-09-28 15:20:01,434] multiqc                                            [INFO   ]  Searching '/work/GIF/remkv6/Purcell/Abalone/32_GATKAllSpecies/Raw/Black-Ab-F_S21_L005_R2_001_fastqc.zip'
[2018-09-28 15:20:01,434] multiqc                                            [INFO   ]  Searching '/work/GIF/remkv6/Purcell/Abalone/32_GATKAllSpecies/Raw/Black-Ab-M_S22_L005_R1_001_fastqc.html'
[2018-09-28 15:20:01,434] multiqc                                            [INFO   ]  Searching '/work/GIF/remkv6/Purcell/Abalone/32_GATKAllSpecies/Raw/Black-Ab-M_S22_L005_R1_001_fastqc.zip'
[2018-09-28 15:20:01,434] multiqc                                            [INFO   ]  Searching '/work/GIF/remkv6/Purcell/Abalone/32_GATKAllSpecies/Raw/Black-Ab-M_S22_L005_R2_001_fastqc.html'
[2018-09-28 15:20:01,434] multiqc                                            [INFO   ]  Searching '/work/GIF/remkv6/Purcell/Abalone/32_GATKAllSpecies/Raw/Black-Ab-M_S22_L005_R2_001_fastqc.zip'
[2018-09-28 15:20:01,434] multiqc                                            [INFO   ]  Searching '/work/GIF/remkv6/Purcell/Abalone/32_GATKAllSpecies/Raw/Green-Ab-F_S24_L006_R1_001_fastqc.html'
[2018-09-28 15:20:01,434] multiqc                                            [INFO   ]  Searching '/work/GIF/remkv6/Purcell/Abalone/32_GATKAllSpecies/Raw/Green-Ab-F_S24_L006_R1_001_fastqc.zip'
[2018-09-28 15:20:01,434] multiqc                                            [INFO   ]  Searching '/work/GIF/remkv6/Purcell/Abalone/32_GATKAllSpecies/Raw/Green-Ab-F_S24_L006_R2_001_fastqc.html'
[2018-09-28 15:20:01,434] multiqc                                            [INFO   ]  Searching '/work/GIF/remkv6/Purcell/Abalone/32_GATKAllSpecies/Raw/Green-Ab-F_S24_L006_R2_001_fastqc.zip'
[2018-09-28 15:20:01,434] multiqc                                            [INFO   ]  Searching '/work/GIF/remkv6/Purcell/Abalone/32_GATKAllSpecies/Raw/Green-Ab-M_S23_L006_R1_001_fastqc.html'
[2018-09-28 15:20:01,434] multiqc                                            [INFO   ]  Searching '/work/GIF/remkv6/Purcell/Abalone/32_GATKAllSpecies/Raw/Green-Ab-M_S23_L006_R1_001_fastqc.zip'
[2018-09-28 15:20:01,435] multiqc                                            [INFO   ]  Searching '/work/GIF/remkv6/Purcell/Abalone/32_GATKAllSpecies/Raw/Green-Ab-M_S23_L006_R2_001_fastqc.html'
[2018-09-28 15:20:01,435] multiqc                                            [INFO   ]  Searching '/work/GIF/remkv6/Purcell/Abalone/32_GATKAllSpecies/Raw/Green-Ab-M_S23_L006_R2_001_fastqc.zip'
[2018-09-28 15:20:01,435] multiqc                                            [INFO   ]  Searching '/work/GIF/remkv6/Purcell/Abalone/32_GATKAllSpecies/Raw/PinAb-32_S6_L005_R1_001_fastqc.html'
[2018-09-28 15:20:01,435] multiqc                                            [INFO   ]  Searching '/work/GIF/remkv6/Purcell/Abalone/32_GATKAllSpecies/Raw/PinAb-32_S6_L005_R1_001_fastqc.zip'
[2018-09-28 15:20:01,435] multiqc                                            [INFO   ]  Searching '/work/GIF/remkv6/Purcell/Abalone/32_GATKAllSpecies/Raw/PinAb-32_S6_L005_R2_001_fastqc.html'
[2018-09-28 15:20:01,435] multiqc                                            [INFO   ]  Searching '/work/GIF/remkv6/Purcell/Abalone/32_GATKAllSpecies/Raw/PinAb-32_S6_L005_R2_001_fastqc.zip'
[2018-09-28 15:20:01,435] multiqc                                            [INFO   ]  Searching '/work/GIF/remkv6/Purcell/Abalone/32_GATKAllSpecies/Raw/PinAb-55_S7_L005_R1_001_fastqc.html'
[2018-09-28 15:20:01,435] multiqc                                            [INFO   ]  Searching '/work/GIF/remkv6/Purcell/Abalone/32_GATKAllSpecies/Raw/PinAb-55_S7_L005_R1_001_fastqc.zip'
[2018-09-28 15:20:01,435] multiqc                                            [INFO   ]  Searching '/work/GIF/remkv6/Purcell/Abalone/32_GATKAllSpecies/Raw/PinAb-55_S7_L005_R2_001_fastqc.html'
[2018-09-28 15:20:01,435] multiqc                                            [INFO   ]  Searching '/work/GIF/remkv6/Purcell/Abalone/32_GATKAllSpecies/Raw/PinAb-55_S7_L005_R2_001_fastqc.zip'
[2018-09-28 15:20:01,435] multiqc                                            [INFO   ]  Searching '/work/GIF/remkv6/Purcell/Abalone/32_GATKAllSpecies/Raw/Pink-Ab-F_S25_L007_R1_001_fastqc.html'
[2018-09-28 15:20:01,435] multiqc                                            [INFO   ]  Searching '/work/GIF/remkv6/Purcell/Abalone/32_GATKAllSpecies/Raw/Pink-Ab-F_S25_L007_R1_001_fastqc.zip'
[2018-09-28 15:20:01,435] multiqc                                            [INFO   ]  Searching '/work/GIF/remkv6/Purcell/Abalone/32_GATKAllSpecies/Raw/Pink-Ab-F_S25_L007_R2_001_fastqc.html'
[2018-09-28 15:20:01,435] multiqc                                            [INFO   ]  Searching '/work/GIF/remkv6/Purcell/Abalone/32_GATKAllSpecies/Raw/Pink-Ab-F_S25_L007_R2_001_fastqc.zip'
[2018-09-28 15:20:01,436] multiqc                                            [INFO   ]  Searching '/work/GIF/remkv6/Purcell/Abalone/32_GATKAllSpecies/Raw/Pink-Ab-M_S26_L007_R1_001_fastqc.html'
[2018-09-28 15:20:01,436] multiqc                                            [INFO   ]  Searching '/work/GIF/remkv6/Purcell/Abalone/32_GATKAllSpecies/Raw/Pink-Ab-M_S26_L007_R1_001_fastqc.zip'
[2018-09-28 15:20:01,436] multiqc                                            [INFO   ]  Searching '/work/GIF/remkv6/Purcell/Abalone/32_GATKAllSpecies/Raw/Pink-Ab-M_S26_L007_R2_001_fastqc.html'
[2018-09-28 15:20:01,436] multiqc                                            [INFO   ]  Searching '/work/GIF/remkv6/Purcell/Abalone/32_GATKAllSpecies/Raw/Pink-Ab-M_S26_L007_R2_001_fastqc.zip'
[2018-09-28 15:20:01,436] multiqc                                            [INFO   ]  Searching '/work/GIF/remkv6/Purcell/Abalone/32_GATKAllSpecies/Raw/RedAb-103F_S27_L008_R1_001_fastqc.html'
[2018-09-28 15:20:01,436] multiqc                                            [INFO   ]  Searching '/work/GIF/remkv6/Purcell/Abalone/32_GATKAllSpecies/Raw/RedAb-103F_S27_L008_R1_001_fastqc.zip'
[2018-09-28 15:20:01,436] multiqc                                            [INFO   ]  Searching '/work/GIF/remkv6/Purcell/Abalone/32_GATKAllSpecies/Raw/RedAb-103F_S27_L008_R2_001_fastqc.html'
[2018-09-28 15:20:01,436] multiqc                                            [INFO   ]  Searching '/work/GIF/remkv6/Purcell/Abalone/32_GATKAllSpecies/Raw/RedAb-103F_S27_L008_R2_001_fastqc.zip'
[2018-09-28 15:20:01,436] multiqc                                            [INFO   ]  Searching '/work/GIF/remkv6/Purcell/Abalone/32_GATKAllSpecies/Raw/RedAb-105M_S28_L008_R1_001_fastqc.html'
[2018-09-28 15:20:01,436] multiqc                                            [INFO   ]  Searching '/work/GIF/remkv6/Purcell/Abalone/32_GATKAllSpecies/Raw/RedAb-105M_S28_L008_R1_001_fastqc.zip'
[2018-09-28 15:20:01,436] multiqc                                            [INFO   ]  Searching '/work/GIF/remkv6/Purcell/Abalone/32_GATKAllSpecies/Raw/RedAb-105M_S28_L008_R2_001_fastqc.html'
[2018-09-28 15:20:01,436] multiqc                                            [INFO   ]  Searching '/work/GIF/remkv6/Purcell/Abalone/32_GATKAllSpecies/Raw/RedAb-105M_S28_L008_R2_001_fastqc.zip'
[2018-09-28 15:20:01,436] multiqc                                            [INFO   ]  Searching '/work/GIF/remkv6/Purcell/Abalone/32_GATKAllSpecies/Raw/White-Ab-F_S3_L003_R1_001_fastqc.html'
[2018-09-28 15:20:01,437] multiqc                                            [INFO   ]  Searching '/work/GIF/remkv6/Purcell/Abalone/32_GATKAllSpecies/Raw/White-Ab-F_S3_L003_R1_001_fastqc.zip'
[2018-09-28 15:20:01,437] multiqc                                            [INFO   ]  Searching '/work/GIF/remkv6/Purcell/Abalone/32_GATKAllSpecies/Raw/White-Ab-F_S3_L003_R2_001_fastqc.html'
[2018-09-28 15:20:01,437] multiqc                                            [INFO   ]  Searching '/work/GIF/remkv6/Purcell/Abalone/32_GATKAllSpecies/Raw/White-Ab-F_S3_L003_R2_001_fastqc.zip'
[2018-09-28 15:20:01,437] multiqc                                            [INFO   ]  Searching '/work/GIF/remkv6/Purcell/Abalone/32_GATKAllSpecies/Raw/White-Ab-M_S2_L003_R1_001_fastqc.html'
[2018-09-28 15:20:01,437] multiqc                                            [INFO   ]  Searching '/work/GIF/remkv6/Purcell/Abalone/32_GATKAllSpecies/Raw/White-Ab-M_S2_L003_R1_001_fastqc.zip'
[2018-09-28 15:20:01,437] multiqc                                            [INFO   ]  Searching '/work/GIF/remkv6/Purcell/Abalone/32_GATKAllSpecies/Raw/White-Ab-M_S2_L003_R2_001_fastqc.html'
[2018-09-28 15:20:01,437] multiqc                                            [INFO   ]  Searching '/work/GIF/remkv6/Purcell/Abalone/32_GATKAllSpecies/Raw/White-Ab-M_S2_L003_R2_001_fastqc.zip'
[2018-09-28 15:20:01,437] multiqc                                            [INFO   ]  Searching './'
[2018-09-28 15:20:01,437] multiqc                                            [DEBUG  ]  Analysing modules: custom_content, conpair, peddy, methylQA, qualimap, preseq, quast, qorts, rna_seqc, rsem, rseqc, busco, goleft_indexcov, disambiguate, supernova, deeptools, sargasso, verifybamid, mirtrace, happy, homer, macs2, theta2, snpeff, gatk, htseq, bcftools, featureCounts, dedup, picard, prokka, samblaster, samtools, bamtools, jellyfish, vcftools, longranger, bbmap, bismark, hicexplorer, hicup, hicpro, salmon, kallisto, slamdunk, star, hisat2, tophat, bowtie2, bowtie1, kat, leehom, adapterRemoval, clipandmerge, cutadapt, flexbar, trimmomatic, skewer, sortmerna, biobloomtools, fastq_screen, afterqc, fastp, fastqc, clusterflow, bcl2fastq, interop                  
[2018-09-28 15:20:05,520] multiqc                                            [DEBUG  ]  No samples found: custom_content
[2018-09-28 15:20:05,524] multiqc                                            [DEBUG  ]  No samples found: conpair
[2018-09-28 15:20:05,528] multiqc                                            [DEBUG  ]  No samples found: peddy
[2018-09-28 15:20:05,532] multiqc                                            [DEBUG  ]  No samples found: methylQA
[2018-09-28 15:20:05,537] multiqc                                            [DEBUG  ]  No samples found: qualimap
[2018-09-28 15:20:05,541] multiqc                                            [DEBUG  ]  No samples found: preseq
[2018-09-28 15:20:05,545] multiqc                                            [DEBUG  ]  No samples found: quast
[2018-09-28 15:20:05,549] multiqc                                            [DEBUG  ]  No samples found: qorts
[2018-09-28 15:20:05,553] multiqc                                            [DEBUG  ]  No samples found: rna_seqc
[2018-09-28 15:20:05,557] multiqc                                            [DEBUG  ]  No samples found: rsem
[2018-09-28 15:20:05,567] multiqc                                            [DEBUG  ]  No samples found: rseqc
[2018-09-28 15:20:05,571] multiqc                                            [DEBUG  ]  No samples found: busco
[2018-09-28 15:20:05,575] multiqc                                            [DEBUG  ]  No samples found: goleft_indexcov
[2018-09-28 15:20:05,579] multiqc                                            [DEBUG  ]  No samples found: disambiguate
[2018-09-28 15:20:05,583] multiqc                                            [DEBUG  ]  No samples found: supernova
[2018-09-28 15:20:05,590] multiqc                                            [DEBUG  ]  No samples found: deeptools
[2018-09-28 15:20:05,594] multiqc                                            [DEBUG  ]  No samples found: sargasso
[2018-09-28 15:20:05,598] multiqc                                            [DEBUG  ]  No samples found: verifybamid
[2018-09-28 15:20:05,602] multiqc                                            [DEBUG  ]  No samples found: mirtrace
[2018-09-28 15:20:05,606] multiqc                                            [DEBUG  ]  No samples found: happy
[2018-09-28 15:20:05,611] multiqc                                            [DEBUG  ]  No samples found: homer
[2018-09-28 15:20:05,615] multiqc                                            [DEBUG  ]  No samples found: macs2
[2018-09-28 15:20:05,619] multiqc                                            [DEBUG  ]  No samples found: theta2
[2018-09-28 15:20:05,623] multiqc                                            [DEBUG  ]  No samples found: snpeff
[2018-09-28 15:20:05,628] multiqc                                            [DEBUG  ]  No samples found: gatk
[2018-09-28 15:20:05,632] multiqc                                            [DEBUG  ]  No samples found: htseq
[2018-09-28 15:20:05,636] multiqc                                            [DEBUG  ]  No samples found: bcftools
[2018-09-28 15:20:05,640] multiqc                                            [DEBUG  ]  No samples found: featureCounts
[2018-09-28 15:20:05,644] multiqc                                            [DEBUG  ]  No samples found: dedup
[2018-09-28 15:20:05,758] multiqc.modules.picard.picard                      [INFO   ]  Found 12 InsertSizeMetrics reports
[2018-09-28 15:20:05,781] multiqc                                            [DEBUG  ]  No samples found: prokka
[2018-09-28 15:20:05,785] multiqc                                            [DEBUG  ]  No samples found: samblaster
[2018-09-28 15:20:05,791] multiqc                                            [DEBUG  ]  No samples found: samtools
[2018-09-28 15:20:05,795] multiqc                                            [DEBUG  ]  No samples found: bamtools
[2018-09-28 15:20:05,799] multiqc                                            [DEBUG  ]  No samples found: jellyfish
[2018-09-28 15:20:05,805] multiqc                                            [DEBUG  ]  No samples found: vcftools
[2018-09-28 15:20:05,809] multiqc                                            [DEBUG  ]  No samples found: longranger
[2018-09-28 15:20:05,820] multiqc                                            [DEBUG  ]  No samples found: bbmap
[2018-09-28 15:20:05,824] multiqc                                            [DEBUG  ]  No samples found: bismark
[2018-09-28 15:20:05,827] multiqc                                            [DEBUG  ]  No samples found: hicexplorer
[2018-09-28 15:20:05,832] multiqc                                            [DEBUG  ]  No samples found: hicup
[2018-09-28 15:20:05,836] multiqc                                            [DEBUG  ]  No samples found: hicpro
[2018-09-28 15:20:05,839] multiqc                                            [DEBUG  ]  No samples found: salmon
[2018-09-28 15:20:05,843] multiqc                                            [DEBUG  ]  No samples found: kallisto
[2018-09-28 15:20:05,848] multiqc                                            [DEBUG  ]  No samples found: slamdunk
[2018-09-28 15:20:05,852] multiqc                                            [DEBUG  ]  No samples found: star
[2018-09-28 15:20:05,856] multiqc                                            [DEBUG  ]  No samples found: hisat2
[2018-09-28 15:20:05,860] multiqc                                            [DEBUG  ]  No samples found: tophat
[2018-09-28 15:20:05,864] multiqc                                            [DEBUG  ]  No samples found: bowtie2
[2018-09-28 15:20:05,868] multiqc                                            [DEBUG  ]  No samples found: bowtie1
[2018-09-28 15:20:05,872] multiqc                                            [DEBUG  ]  No samples found: kat
[2018-09-28 15:20:05,875] multiqc                                            [DEBUG  ]  No samples found: leehom
[2018-09-28 15:20:05,879] multiqc                                            [DEBUG  ]  No samples found: adapterRemoval
[2018-09-28 15:20:05,883] multiqc                                            [DEBUG  ]  No samples found: clipandmerge
[2018-09-28 15:20:05,887] multiqc                                            [DEBUG  ]  No samples found: cutadapt
[2018-09-28 15:20:05,891] multiqc                                            [DEBUG  ]  No samples found: flexbar
[2018-09-28 15:20:05,895] multiqc                                            [DEBUG  ]  No samples found: trimmomatic
[2018-09-28 15:20:05,899] multiqc                                            [DEBUG  ]  No samples found: skewer
[2018-09-28 15:20:05,903] multiqc                                            [DEBUG  ]  No samples found: sortmerna
[2018-09-28 15:20:05,907] multiqc                                            [DEBUG  ]  No samples found: biobloomtools
[2018-09-28 15:20:05,911] multiqc                                            [DEBUG  ]  No samples found: fastq_screen
[2018-09-28 15:20:05,915] multiqc                                            [DEBUG  ]  No samples found: afterqc
[2018-09-28 15:20:05,919] multiqc                                            [DEBUG  ]  No samples found: fastp
[2018-09-28 15:20:06,961] multiqc.modules.fastqc.fastqc                      [INFO   ]  Found 24 reports
[2018-09-28 15:20:07,603] multiqc                                            [DEBUG  ]  No samples found: clusterflow
[2018-09-28 15:20:07,607] multiqc                                            [DEBUG  ]  No samples found: bcl2fastq
[2018-09-28 15:20:07,611] multiqc                                            [DEBUG  ]  No samples found: interop
[2018-09-28 15:20:07,648] multiqc                                            [INFO   ]  Compressing plot data
[2018-09-28 15:20:08,322] multiqc                                            [INFO   ]  Report      : multiqc_report.html
[2018-09-28 15:20:08,323] multiqc                                            [INFO   ]  Data        : multiqc_data
[2018-09-28 15:20:08,339] multiqc                                            [DEBUG  ]  Moving data file from '/scratch/severin/367860/tmp8p3_dsic/multiqc_data/multiqc_picard_insertSize.txt' to '/work/GIF/severin/Purcell/Abalone/GenomePaper/reviewerCommentAnalyses/multiqc_data'
[2018-09-28 15:20:08,412] multiqc                                            [DEBUG  ]  Moving data file from '/scratch/severin/367860/tmp8p3_dsic/multiqc_data/multiqc_fastqc.txt' to '/work/GIF/severin/Purcell/Abalone/GenomePaper/reviewerCommentAnalyses/multiqc_data'
[2018-09-28 15:20:08,448] multiqc                                            [DEBUG  ]  Moving data file from '/scratch/severin/367860/tmp8p3_dsic/multiqc_data/multiqc_general_stats.txt' to '/work/GIF/severin/Purcell/Abalone/GenomePaper/reviewerCommentAnalyses/multiqc_data'
[2018-09-28 15:20:08,483] multiqc                                            [DEBUG  ]  Moving data file from '/scratch/severin/367860/tmp8p3_dsic/multiqc_data/multiqc_sources.txt' to '/work/GIF/severin/Purcell/Abalone/GenomePaper/reviewerCommentAnalyses/multiqc_data'
[2018-09-28 15:20:08,532] multiqc                                            [DEBUG  ]  Moving data file from '/scratch/severin/367860/tmp8p3_dsic/multiqc_data/multiqc_data.json' to '/work/GIF/severin/Purcell/Abalone/GenomePaper/reviewerCommentAnalyses/multiqc_data'
[2018-09-28 15:20:08,781] multiqc                                            [INFO   ]  MultiQC complete
